<?xml version="1.0" encoding="UTF-8" ?>
<testsuite 
errors="0" failures="0" hostname="BLRVIKR06" name="org.scalatest.tools.DiscoverySuite" tests="0" time="0.014" timestamp="2018-01-15T15:39:42">
  <properties>
    <property name="java.runtime.name" value="Java(TM) SE Runtime Environment">
    </property>
    <property 
    name="sun.boot.library.path" value="C:\Program Files\Java\jre1.8.0_121\bin">
</property>
    <property name="java.vm.version" value="25.121-b13"> </property>
    <property name="java.vm.vendor" value="Oracle Corporation"> </property>
    <property name="java.vendor.url" value="http://java.oracle.com/">
    </property>
    <property name="path.separator" value=";"> </property>
    <property name="java.vm.name" value="Java HotSpot(TM) 64-Bit Server VM">
    </property>
    <property name="file.encoding.pkg" value="sun.io"> </property>
    <property name="user.script" value=""> </property>
    <property name="user.country" value="US"> </property>
    <property name="sun.java.launcher" value="SUN_STANDARD"> </property>
    <property name="sun.os.patch.level" value="Service Pack 1"> </property>
    <property 
    name="java.vm.specification.name" value="Java Virtual Machine Specification">
</property>
    <property name="user.dir" value="D:\HADOOPWORKSPACE\Spark-Java">
    </property>
    <property name="java.runtime.version" value="1.8.0_121-b13"> </property>
    <property name="spark.ui.enabled" value="false"> </property>
    <property 
    name="java.awt.graphicsenv" value="sun.awt.Win32GraphicsEnvironment">
</property>
    <property name="basedir" value="D:\HADOOPWORKSPACE\Spark-Java"> </property>
    <property 
    name="java.endorsed.dirs" value="C:\Program Files\Java\jre1.8.0_121\lib\endorsed">
</property>
    <property name="os.arch" value="amd64"> </property>
    <property 
    name="java.io.tmpdir" value="D:\HADOOPWORKSPACE\Spark-Java\target/tmp">
</property>
    <property name="derby.system.durability" value="test"> </property>
    <property name="line.separator" value=" "> </property>
    <property name="java.vm.specification.vendor" value="Oracle Corporation">
    </property>
    <property name="user.variant" value=""> </property>
    <property name="os.name" value="Windows 7"> </property>
    <property 
    name="log4j.configuration" value="file:src/test/resources/log4j.properties">
</property>
    <property name="sun.jnu.encoding" value="Cp1252"> </property>
    <property name="spark.ui.showConsoleProgress" value="false"> </property>
    <property 
    name="java.library.path" value="C:\ProgramData\Oracle\Java\javapath;C:\Windows\Sun\Java\bin;C:\Windows\system32;C:\Windows;C:\oraclexe\app\oracle\product\11.2.0\server\bin;;C:\oraclexe\app\oracle\product\11.2.0\server\bin;C:\ProgramData\Oracle\Java\javapath;C:\Windows\SYSTEM32;C:\Windows;C:\Windows\SYSTEM32\WBEM;C:\Windows\SYSTEM32\WINDOWSPOWERSHELL\V1.0\;c:\Program Files\Intel\WiFi\bin\;c:\Program Files\Common Files\Intel\WirelessCommon\;C:\Program Files (x86)\Brackets\command;C:\Program Files\apache-maven-3.3.9\bin;C:\Program Files\Java\jdk1.8.0_112\bin;C:\Program Files\TortoiseSVN\bin;C:\Program Files\MySQL\MySQL Utilities 1.6\;$MongoDB/bin;C:\ProgramData\Anaconda2;C:\ProgramData\Anaconda2\Scripts;C:\ProgramData\Anaconda2\Library\bin;C:\Program Files\Git\cmd;C:\Users\adusad\workspace\ThreadDemo;C:\Program Files\nodejs\;C:\Program Files\Microsoft SQL Server\110\Tools\Binn\;C:\Program Files\Microsoft SQL Server\120\Tools\Binn\;C:\Program Files (x86)\Windows Kits\8.1\Windows Performance Toolkit\;C:\Program Files (x86)\Microsoft SDKs\TypeScript\1.0\;C:\Program Files\Intel\WiFi\bin\;C:\Program Files\Common Files\Intel\WirelessCommon\;.">
</property>
    <property 
    name="java.specification.name" value="Java Platform API Specification">
</property>
    <property name="java.class.version" value="52.0"> </property>
    <property 
    name="sun.management.compiler" value="HotSpot 64-Bit Tiered Compilers">
</property>
    <property name="os.version" value="6.1"> </property>
    <property name="user.home" value="C:\Users\aku375"> </property>
    <property name="user.timezone" value=""> </property>
    <property name="java.awt.printerjob" value="sun.awt.windows.WPrinterJob">
    </property>
    <property name="java.specification.version" value="1.8"> </property>
    <property name="file.encoding" value="Cp1252"> </property>
    <property name="spark.testing" value="1"> </property>
    <property name="user.name" value="aku375"> </property>
    <property 
    name="java.class.path" value="D:\HADOOPWORKSPACE\Spark-Java\target\scala-2.11\test-classes;D:\HADOOPWORKSPACE\Spark-Java\target\scala-2.11\classes;C:\Users\aku375\.m2\repository\io\netty\netty-all\4.1.15.Final\netty-all-4.1.15.Final.jar;C:\Users\aku375\.m2\repository\io\netty\netty-buffer\4.1.15.Final\netty-buffer-4.1.15.Final.jar;C:\Users\aku375\.m2\repository\io\netty\netty-common\4.1.15.Final\netty-common-4.1.15.Final.jar;C:\Users\aku375\.m2\repository\org\spark-project\spark\unused\1.0.0\unused-1.0.0.jar;C:\Users\aku375\.m2\repository\org\apache\spark\spark-core_2.11\2.3.0-SNAPSHOT\spark-core_2.11-2.3.0-SNAPSHOT.jar;C:\Users\aku375\.m2\repository\org\apache\avro\avro\1.7.7\avro-1.7.7.jar;C:\Users\aku375\.m2\repository\org\codehaus\jackson\jackson-core-asl\1.9.13\jackson-core-asl-1.9.13.jar;C:\Users\aku375\.m2\repository\com\thoughtworks\paranamer\paranamer\2.8\paranamer-2.8.jar;C:\Users\aku375\.m2\repository\org\apache\commons\commons-compress\1.4.1\commons-compress-1.4.1.jar;C:\Users\aku375\.m2\repository\org\tukaani\xz\1.0\xz-1.0.jar;C:\Users\aku375\.m2\repository\org\apache\avro\avro-mapred\1.7.7\avro-mapred-1.7.7-hadoop2.jar;C:\Users\aku375\.m2\repository\org\apache\avro\avro-ipc\1.7.7\avro-ipc-1.7.7.jar;C:\Users\aku375\.m2\repository\org\apache\avro\avro-ipc\1.7.7\avro-ipc-1.7.7-tests.jar;C:\Users\aku375\.m2\repository\com\twitter\chill_2.11\0.8.4\chill_2.11-0.8.4.jar;C:\Users\aku375\.m2\repository\com\esotericsoftware\kryo-shaded\3.0.3\kryo-shaded-3.0.3.jar;C:\Users\aku375\.m2\repository\com\esotericsoftware\minlog\1.3.0\minlog-1.3.0.jar;C:\Users\aku375\.m2\repository\org\objenesis\objenesis\2.1\objenesis-2.1.jar;C:\Users\aku375\.m2\repository\com\twitter\chill-java\0.8.4\chill-java-0.8.4.jar;C:\Users\aku375\.m2\repository\org\apache\xbean\xbean-asm5-shaded\4.4\xbean-asm5-shaded-4.4.jar;C:\Users\aku375\.m2\repository\org\apache\hadoop\hadoop-client\2.6.5\hadoop-client-2.6.5.jar;C:\Users\aku375\.m2\repository\org\apache\hadoop\hadoop-common\2.6.5\hadoop-common-2.6.5.jar;C:\Users\aku375\.m2\repository\xmlenc\xmlenc\0.52\xmlenc-0.52.jar;C:\Users\aku375\.m2\repository\commons-collections\commons-collections\3.2.2\commons-collections-3.2.2.jar;C:\Users\aku375\.m2\repository\commons-configuration\commons-configuration\1.6\commons-configuration-1.6.jar;C:\Users\aku375\.m2\repository\commons-digester\commons-digester\1.8\commons-digester-1.8.jar;C:\Users\aku375\.m2\repository\commons-beanutils\commons-beanutils\1.7.0\commons-beanutils-1.7.0.jar;C:\Users\aku375\.m2\repository\commons-beanutils\commons-beanutils-core\1.8.0\commons-beanutils-core-1.8.0.jar;C:\Users\aku375\.m2\repository\com\google\protobuf\protobuf-java\2.5.0\protobuf-java-2.5.0.jar;C:\Users\aku375\.m2\repository\org\apache\hadoop\hadoop-auth\2.6.5\hadoop-auth-2.6.5.jar;C:\Users\aku375\.m2\repository\org\apache\directory\server\apacheds-kerberos-codec\2.0.0-M15\apacheds-kerberos-codec-2.0.0-M15.jar;C:\Users\aku375\.m2\repository\org\apache\directory\server\apacheds-i18n\2.0.0-M15\apacheds-i18n-2.0.0-M15.jar;C:\Users\aku375\.m2\repository\org\apache\directory\api\api-asn1-api\1.0.0-M20\api-asn1-api-1.0.0-M20.jar;C:\Users\aku375\.m2\repository\org\apache\directory\api\api-util\1.0.0-M20\api-util-1.0.0-M20.jar;C:\Users\aku375\.m2\repository\org\apache\curator\curator-client\2.6.0\curator-client-2.6.0.jar;C:\Users\aku375\.m2\repository\org\htrace\htrace-core\3.0.4\htrace-core-3.0.4.jar;C:\Users\aku375\.m2\repository\org\apache\hadoop\hadoop-hdfs\2.6.5\hadoop-hdfs-2.6.5.jar;C:\Users\aku375\.m2\repository\xerces\xercesImpl\2.9.1\xercesImpl-2.9.1.jar;C:\Users\aku375\.m2\repository\xml-apis\xml-apis\1.4.01\xml-apis-1.4.01.jar;C:\Users\aku375\.m2\repository\org\apache\hadoop\hadoop-mapreduce-client-app\2.6.5\hadoop-mapreduce-client-app-2.6.5.jar;C:\Users\aku375\.m2\repository\org\apache\hadoop\hadoop-mapreduce-client-common\2.6.5\hadoop-mapreduce-client-common-2.6.5.jar;C:\Users\aku375\.m2\repository\org\apache\hadoop\hadoop-yarn-client\2.6.5\hadoop-yarn-client-2.6.5.jar;C:\Users\aku375\.m2\repository\org\apache\hadoop\hadoop-yarn-server-common\2.6.5\hadoop-yarn-server-common-2.6.5.jar;C:\Users\aku375\.m2\repository\org\apache\hadoop\hadoop-mapreduce-client-shuffle\2.6.5\hadoop-mapreduce-client-shuffle-2.6.5.jar;C:\Users\aku375\.m2\repository\org\apache\hadoop\hadoop-yarn-api\2.6.5\hadoop-yarn-api-2.6.5.jar;C:\Users\aku375\.m2\repository\org\apache\hadoop\hadoop-mapreduce-client-core\2.6.5\hadoop-mapreduce-client-core-2.6.5.jar;C:\Users\aku375\.m2\repository\org\apache\hadoop\hadoop-yarn-common\2.6.5\hadoop-yarn-common-2.6.5.jar;C:\Users\aku375\.m2\repository\javax\xml\bind\jaxb-api\2.2.2\jaxb-api-2.2.2.jar;C:\Users\aku375\.m2\repository\javax\xml\stream\stax-api\1.0-2\stax-api-1.0-2.jar;C:\Users\aku375\.m2\repository\org\codehaus\jackson\jackson-jaxrs\1.9.13\jackson-jaxrs-1.9.13.jar;C:\Users\aku375\.m2\repository\org\codehaus\jackson\jackson-xc\1.9.13\jackson-xc-1.9.13.jar;C:\Users\aku375\.m2\repository\org\apache\hadoop\hadoop-mapreduce-client-jobclient\2.6.5\hadoop-mapreduce-client-jobclient-2.6.5.jar;C:\Users\aku375\.m2\repository\org\apache\hadoop\hadoop-annotations\2.6.5\hadoop-annotations-2.6.5.jar;C:\Users\aku375\.m2\repository\org\apache\spark\spark-launcher_2.11\2.3.0-SNAPSHOT\spark-launcher_2.11-2.3.0-SNAPSHOT.jar;C:\Users\aku375\.m2\repository\org\apache\spark\spark-kvstore_2.11\2.3.0-SNAPSHOT\spark-kvstore_2.11-2.3.0-SNAPSHOT.jar;C:\Users\aku375\.m2\repository\org\fusesource\leveldbjni\leveldbjni-all\1.8\leveldbjni-all-1.8.jar;C:\Users\aku375\.m2\repository\com\fasterxml\jackson\core\jackson-core\2.6.7\jackson-core-2.6.7.jar;C:\Users\aku375\.m2\repository\com\fasterxml\jackson\core\jackson-annotations\2.6.7\jackson-annotations-2.6.7.jar;C:\Users\aku375\.m2\repository\org\apache\spark\spark-network-common_2.11\2.3.0-SNAPSHOT\spark-network-common_2.11-2.3.0-SNAPSHOT.jar;C:\Users\aku375\.m2\repository\org\apache\spark\spark-network-shuffle_2.11\2.3.0-SNAPSHOT\spark-network-shuffle_2.11-2.3.0-SNAPSHOT.jar;C:\Users\aku375\.m2\repository\org\apache\spark\spark-unsafe_2.11\2.3.0-SNAPSHOT\spark-unsafe_2.11-2.3.0-SNAPSHOT.jar;C:\Users\aku375\.m2\repository\net\java\dev\jets3t\jets3t\0.9.4\jets3t-0.9.4.jar;C:\Users\aku375\.m2\repository\org\apache\httpcomponents\httpcore\4.4.8\httpcore-4.4.8.jar;C:\Users\aku375\.m2\repository\javax\activation\activation\1.1.1\activation-1.1.1.jar;C:\Users\aku375\.m2\repository\org\bouncycastle\bcprov-jdk15on\1.58\bcprov-jdk15on-1.58.jar;C:\Users\aku375\.m2\repository\com\jamesmurty\utils\java-xmlbuilder\1.1\java-xmlbuilder-1.1.jar;C:\Users\aku375\.m2\repository\net\iharder\base64\2.3.8\base64-2.3.8.jar;C:\Users\aku375\.m2\repository\org\apache\curator\curator-recipes\2.6.0\curator-recipes-2.6.0.jar;C:\Users\aku375\.m2\repository\org\apache\curator\curator-framework\2.6.0\curator-framework-2.6.0.jar;C:\Users\aku375\.m2\repository\org\apache\zookeeper\zookeeper\3.4.6\zookeeper-3.4.6.jar;C:\Users\aku375\.m2\repository\com\google\guava\guava\14.0.1\guava-14.0.1.jar;C:\Users\aku375\.m2\repository\javax\servlet\javax.servlet-api\3.1.0\javax.servlet-api-3.1.0.jar;C:\Users\aku375\.m2\repository\org\apache\commons\commons-lang3\3.5\commons-lang3-3.5.jar;C:\Users\aku375\.m2\repository\com\google\code\findbugs\jsr305\1.3.9\jsr305-1.3.9.jar;C:\Users\aku375\.m2\repository\org\slf4j\slf4j-api\1.7.16\slf4j-api-1.7.16.jar;C:\Users\aku375\.m2\repository\org\slf4j\jul-to-slf4j\1.7.16\jul-to-slf4j-1.7.16.jar;C:\Users\aku375\.m2\repository\org\slf4j\jcl-over-slf4j\1.7.16\jcl-over-slf4j-1.7.16.jar;C:\Users\aku375\.m2\repository\log4j\log4j\1.2.17\log4j-1.2.17.jar;C:\Users\aku375\.m2\repository\org\slf4j\slf4j-log4j12\1.7.16\slf4j-log4j12-1.7.16.jar;C:\Users\aku375\.m2\repository\com\ning\compress-lzf\1.0.3\compress-lzf-1.0.3.jar;C:\Users\aku375\.m2\repository\org\xerial\snappy\snappy-java\1.1.2.6\snappy-java-1.1.2.6.jar;C:\Users\aku375\.m2\repository\org\lz4\lz4-java\1.4.0\lz4-java-1.4.0.jar;C:\Users\aku375\.m2\repository\com\github\luben\zstd-jni\1.3.2-2\zstd-jni-1.3.2-2.jar;C:\Users\aku375\.m2\repository\org\roaringbitmap\RoaringBitmap\0.5.11\RoaringBitmap-0.5.11.jar;C:\Users\aku375\.m2\repository\commons-net\commons-net\2.2\commons-net-2.2.jar;C:\Users\aku375\.m2\repository\org\json4s\json4s-jackson_2.11\3.2.11\json4s-jackson_2.11-3.2.11.jar;C:\Users\aku375\.m2\repository\org\json4s\json4s-core_2.11\3.2.11\json4s-core_2.11-3.2.11.jar;C:\Users\aku375\.m2\repository\org\json4s\json4s-ast_2.11\3.2.11\json4s-ast_2.11-3.2.11.jar;C:\Users\aku375\.m2\repository\org\scala-lang\scalap\2.11.8\scalap-2.11.8.jar;C:\Users\aku375\.m2\repository\org\scala-lang\scala-compiler\2.11.8\scala-compiler-2.11.8.jar;C:\Users\aku375\.m2\repository\org\glassfish\jersey\core\jersey-client\2.22.2\jersey-client-2.22.2.jar;C:\Users\aku375\.m2\repository\javax\ws\rs\javax.ws.rs-api\2.0.1\javax.ws.rs-api-2.0.1.jar;C:\Users\aku375\.m2\repository\org\glassfish\hk2\hk2-api\2.4.0-b34\hk2-api-2.4.0-b34.jar;C:\Users\aku375\.m2\repository\org\glassfish\hk2\hk2-utils\2.4.0-b34\hk2-utils-2.4.0-b34.jar;C:\Users\aku375\.m2\repository\org\glassfish\hk2\external\aopalliance-repackaged\2.4.0-b34\aopalliance-repackaged-2.4.0-b34.jar;C:\Users\aku375\.m2\repository\org\glassfish\hk2\external\javax.inject\2.4.0-b34\javax.inject-2.4.0-b34.jar;C:\Users\aku375\.m2\repository\org\glassfish\hk2\hk2-locator\2.4.0-b34\hk2-locator-2.4.0-b34.jar;C:\Users\aku375\.m2\repository\org\javassist\javassist\3.18.1-GA\javassist-3.18.1-GA.jar;C:\Users\aku375\.m2\repository\org\glassfish\jersey\core\jersey-common\2.22.2\jersey-common-2.22.2.jar;C:\Users\aku375\.m2\repository\javax\annotation\javax.annotation-api\1.2\javax.annotation-api-1.2.jar;C:\Users\aku375\.m2\repository\org\glassfish\jersey\bundles\repackaged\jersey-guava\2.22.2\jersey-guava-2.22.2.jar;C:\Users\aku375\.m2\repository\org\glassfish\hk2\osgi-resource-locator\1.0.1\osgi-resource-locator-1.0.1.jar;C:\Users\aku375\.m2\repository\org\glassfish\jersey\core\jersey-server\2.22.2\jersey-server-2.22.2.jar;C:\Users\aku375\.m2\repository\org\glassfish\jersey\media\jersey-media-jaxb\2.22.2\jersey-media-jaxb-2.22.2.jar;C:\Users\aku375\.m2\repository\javax\validation\validation-api\1.1.0.Final\validation-api-1.1.0.Final.jar;C:\Users\aku375\.m2\repository\org\glassfish\jersey\containers\jersey-container-servlet\2.22.2\jersey-container-servlet-2.22.2.jar;C:\Users\aku375\.m2\repository\org\glassfish\jersey\containers\jersey-container-servlet-core\2.22.2\jersey-container-servlet-core-2.22.2.jar;C:\Users\aku375\.m2\repository\io\netty\netty\3.9.9.Final\netty-3.9.9.Final.jar;C:\Users\aku375\.m2\repository\com\clearspring\analytics\stream\2.7.0\stream-2.7.0.jar;C:\Users\aku375\.m2\repository\io\dropwizard\metrics\metrics-core\3.1.5\metrics-core-3.1.5.jar;C:\Users\aku375\.m2\repository\io\dropwizard\metrics\metrics-jvm\3.1.5\metrics-jvm-3.1.5.jar;C:\Users\aku375\.m2\repository\io\dropwizard\metrics\metrics-json\3.1.5\metrics-json-3.1.5.jar;C:\Users\aku375\.m2\repository\io\dropwizard\metrics\metrics-graphite\3.1.5\metrics-graphite-3.1.5.jar;C:\Users\aku375\.m2\repository\com\fasterxml\jackson\core\jackson-databind\2.6.7.1\jackson-databind-2.6.7.1.jar;C:\Users\aku375\.m2\repository\com\fasterxml\jackson\module\jackson-module-scala_2.11\2.6.7.1\jackson-module-scala_2.11-2.6.7.1.jar;C:\Users\aku375\.m2\repository\com\fasterxml\jackson\module\jackson-module-paranamer\2.7.9\jackson-module-paranamer-2.7.9.jar;C:\Users\aku375\.m2\repository\org\apache\ivy\ivy\2.4.0\ivy-2.4.0.jar;C:\Users\aku375\.m2\repository\oro\oro\2.0.8\oro-2.0.8.jar;C:\Users\aku375\.m2\repository\net\razorvine\pyrolite\4.13\pyrolite-4.13.jar;C:\Users\aku375\.m2\repository\net\sf\py4j\py4j\0.10.6\py4j-0.10.6.jar;C:\Users\aku375\.m2\repository\org\apache\spark\spark-tags_2.11\2.3.0-SNAPSHOT\spark-tags_2.11-2.3.0-SNAPSHOT.jar;C:\Users\aku375\.m2\repository\org\apache\commons\commons-crypto\1.0.0\commons-crypto-1.0.0.jar;C:\Users\aku375\.m2\repository\org\apache\spark\spark-streaming_2.11\2.3.0-SNAPSHOT\spark-streaming_2.11-2.3.0-SNAPSHOT.jar;C:\Users\aku375\.m2\repository\org\apache\spark\spark-mllib_2.11\2.3.0-SNAPSHOT\spark-mllib_2.11-2.3.0-SNAPSHOT.jar;C:\Users\aku375\.m2\repository\org\scala-lang\modules\scala-parser-combinators_2.11\1.0.4\scala-parser-combinators_2.11-1.0.4.jar;C:\Users\aku375\.m2\repository\org\apache\spark\spark-sql_2.11\2.3.0-SNAPSHOT\spark-sql_2.11-2.3.0-SNAPSHOT.jar;C:\Users\aku375\.m2\repository\com\univocity\univocity-parsers\2.5.9\univocity-parsers-2.5.9.jar;C:\Users\aku375\.m2\repository\org\apache\spark\spark-sketch_2.11\2.3.0-SNAPSHOT\spark-sketch_2.11-2.3.0-SNAPSHOT.jar;C:\Users\aku375\.m2\repository\org\apache\spark\spark-catalyst_2.11\2.3.0-SNAPSHOT\spark-catalyst_2.11-2.3.0-SNAPSHOT.jar;C:\Users\aku375\.m2\repository\org\codehaus\janino\janino\3.0.8\janino-3.0.8.jar;C:\Users\aku375\.m2\repository\org\antlr\antlr4-runtime\4.7\antlr4-runtime-4.7.jar;C:\Users\aku375\.m2\repository\org\apache\orc\orc-core\1.4.1\orc-core-1.4.1-nohive.jar;C:\Users\aku375\.m2\repository\io\airlift\aircompressor\0.8\aircompressor-0.8.jar;C:\Users\aku375\.m2\repository\org\apache\orc\orc-mapreduce\1.4.1\orc-mapreduce-1.4.1-nohive.jar;C:\Users\aku375\.m2\repository\org\apache\parquet\parquet-column\1.8.2\parquet-column-1.8.2.jar;C:\Users\aku375\.m2\repository\org\apache\parquet\parquet-common\1.8.2\parquet-common-1.8.2.jar;C:\Users\aku375\.m2\repository\org\apache\parquet\parquet-encoding\1.8.2\parquet-encoding-1.8.2.jar;C:\Users\aku375\.m2\repository\org\apache\parquet\parquet-hadoop\1.8.2\parquet-hadoop-1.8.2.jar;C:\Users\aku375\.m2\repository\org\apache\parquet\parquet-format\2.3.1\parquet-format-2.3.1.jar;C:\Users\aku375\.m2\repository\org\apache\parquet\parquet-jackson\1.8.2\parquet-jackson-1.8.2.jar;C:\Users\aku375\.m2\repository\org\apache\arrow\arrow-vector\0.8.0\arrow-vector-0.8.0.jar;C:\Users\aku375\.m2\repository\org\apache\arrow\arrow-format\0.8.0\arrow-format-0.8.0.jar;C:\Users\aku375\.m2\repository\org\apache\arrow\arrow-memory\0.8.0\arrow-memory-0.8.0.jar;C:\Users\aku375\.m2\repository\com\carrotsearch\hppc\0.7.2\hppc-0.7.2.jar;C:\Users\aku375\.m2\repository\com\vlkan\flatbuffers\1.2.0-3f79e055\flatbuffers-1.2.0-3f79e055.jar;C:\Users\aku375\.m2\repository\org\apache\spark\spark-mllib-local_2.11\2.3.0-SNAPSHOT\spark-mllib-local_2.11-2.3.0-SNAPSHOT.jar;C:\Users\aku375\.m2\repository\org\scalanlp\breeze_2.11\0.13.2\breeze_2.11-0.13.2.jar;C:\Users\aku375\.m2\repository\org\scalanlp\breeze-macros_2.11\0.13.2\breeze-macros_2.11-0.13.2.jar;C:\Users\aku375\.m2\repository\net\sf\opencsv\opencsv\2.3\opencsv-2.3.jar;C:\Users\aku375\.m2\repository\com\github\rwl\jtransforms\2.4.0\jtransforms-2.4.0.jar;C:\Users\aku375\.m2\repository\org\spire-math\spire_2.11\0.13.0\spire_2.11-0.13.0.jar;C:\Users\aku375\.m2\repository\org\spire-math\spire-macros_2.11\0.13.0\spire-macros_2.11-0.13.0.jar;C:\Users\aku375\.m2\repository\org\typelevel\machinist_2.11\0.6.1\machinist_2.11-0.6.1.jar;C:\Users\aku375\.m2\repository\com\chuusai\shapeless_2.11\2.3.2\shapeless_2.11-2.3.2.jar;C:\Users\aku375\.m2\repository\org\typelevel\macro-compat_2.11\1.1.1\macro-compat_2.11-1.1.1.jar;C:\Users\aku375\.m2\repository\org\apache\spark\spark-hive_2.11\2.3.0-SNAPSHOT\spark-hive_2.11-2.3.0-SNAPSHOT.jar;C:\Users\aku375\.m2\repository\org\spark-project\hive\hive-exec\1.2.1.spark2\hive-exec-1.2.1.spark2.jar;C:\Users\aku375\.m2\repository\commons-io\commons-io\2.4\commons-io-2.4.jar;C:\Users\aku375\.m2\repository\commons-lang\commons-lang\2.6\commons-lang-2.6.jar;C:\Users\aku375\.m2\repository\javolution\javolution\5.5.1\javolution-5.5.1.jar;C:\Users\aku375\.m2\repository\log4j\apache-log4j-extras\1.2.17\apache-log4j-extras-1.2.17.jar;C:\Users\aku375\.m2\repository\org\antlr\antlr-runtime\3.4\antlr-runtime-3.4.jar;C:\Users\aku375\.m2\repository\org\antlr\stringtemplate\3.2.1\stringtemplate-3.2.1.jar;C:\Users\aku375\.m2\repository\antlr\antlr\2.7.7\antlr-2.7.7.jar;C:\Users\aku375\.m2\repository\org\antlr\ST4\4.0.4\ST4-4.0.4.jar;C:\Users\aku375\.m2\repository\com\googlecode\javaewah\JavaEWAH\0.3.2\JavaEWAH-0.3.2.jar;C:\Users\aku375\.m2\repository\org\iq80\snappy\snappy\0.2\snappy-0.2.jar;C:\Users\aku375\.m2\repository\stax\stax-api\1.0.1\stax-api-1.0.1.jar;C:\Users\aku375\.m2\repository\org\spark-project\hive\hive-metastore\1.2.1.spark2\hive-metastore-1.2.1.spark2.jar;C:\Users\aku375\.m2\repository\com\jolbox\bonecp\0.8.0.RELEASE\bonecp-0.8.0.RELEASE.jar;C:\Users\aku375\.m2\repository\commons-cli\commons-cli\1.2\commons-cli-1.2.jar;C:\Users\aku375\.m2\repository\commons-logging\commons-logging\1.1.3\commons-logging-1.1.3.jar;C:\Users\aku375\.m2\repository\org\datanucleus\datanucleus-api-jdo\3.2.6\datanucleus-api-jdo-3.2.6.jar;C:\Users\aku375\.m2\repository\org\datanucleus\datanucleus-rdbms\3.2.9\datanucleus-rdbms-3.2.9.jar;C:\Users\aku375\.m2\repository\commons-pool\commons-pool\1.5.4\commons-pool-1.5.4.jar;C:\Users\aku375\.m2\repository\commons-dbcp\commons-dbcp\1.4\commons-dbcp-1.4.jar;C:\Users\aku375\.m2\repository\javax\jdo\jdo-api\3.0.1\jdo-api-3.0.1.jar;C:\Users\aku375\.m2\repository\javax\transaction\jta\1.1\jta-1.1.jar;C:\Users\aku375\.m2\repository\commons-httpclient\commons-httpclient\3.1\commons-httpclient-3.1.jar;C:\Users\aku375\.m2\repository\org\apache\calcite\calcite-avatica\1.2.0-incubating\calcite-avatica-1.2.0-incubating.jar;C:\Users\aku375\.m2\repository\org\apache\calcite\calcite-core\1.2.0-incubating\calcite-core-1.2.0-incubating.jar;C:\Users\aku375\.m2\repository\org\apache\calcite\calcite-linq4j\1.2.0-incubating\calcite-linq4j-1.2.0-incubating.jar;C:\Users\aku375\.m2\repository\net\hydromatic\eigenbase-properties\1.1.5\eigenbase-properties-1.1.5.jar;C:\Users\aku375\.m2\repository\org\apache\httpcomponents\httpclient\4.5.4\httpclient-4.5.4.jar;C:\Users\aku375\.m2\repository\org\codehaus\jackson\jackson-mapper-asl\1.9.13\jackson-mapper-asl-1.9.13.jar;C:\Users\aku375\.m2\repository\commons-codec\commons-codec\1.10\commons-codec-1.10.jar;C:\Users\aku375\.m2\repository\joda-time\joda-time\2.9.3\joda-time-2.9.3.jar;C:\Users\aku375\.m2\repository\org\jodd\jodd-core\3.5.2\jodd-core-3.5.2.jar;C:\Users\aku375\.m2\repository\org\datanucleus\datanucleus-core\3.2.10\datanucleus-core-3.2.10.jar;C:\Users\aku375\.m2\repository\org\apache\thrift\libthrift\0.9.3\libthrift-0.9.3.jar;C:\Users\aku375\.m2\repository\org\apache\thrift\libfb303\0.9.3\libfb303-0.9.3.jar;C:\Users\aku375\.m2\repository\org\apache\derby\derby\10.12.1.1\derby-10.12.1.1.jar;C:\Users\aku375\.m2\repository\org\apache\spark\spark-graphx_2.11\2.3.0-SNAPSHOT\spark-graphx_2.11-2.3.0-SNAPSHOT.jar;C:\Users\aku375\.m2\repository\com\github\fommil\netlib\core\1.1.2\core-1.1.2.jar;C:\Users\aku375\.m2\repository\net\sourceforge\f2j\arpack_combined_all\0.1\arpack_combined_all-0.1.jar;C:\Users\aku375\.m2\repository\org\apache\spark\spark-streaming-flume_2.11\2.3.0-SNAPSHOT\spark-streaming-flume_2.11-2.3.0-SNAPSHOT.jar;C:\Users\aku375\.m2\repository\org\apache\spark\spark-streaming-flume-sink_2.11\2.3.0-SNAPSHOT\spark-streaming-flume-sink_2.11-2.3.0-SNAPSHOT.jar;C:\Users\aku375\.m2\repository\org\apache\flume\flume-ng-core\1.6.0\flume-ng-core-1.6.0.jar;C:\Users\aku375\.m2\repository\org\apache\flume\flume-ng-configuration\1.6.0\flume-ng-configuration-1.6.0.jar;C:\Users\aku375\.m2\repository\org\mortbay\jetty\jetty-util\6.1.26\jetty-util-6.1.26.jar;C:\Users\aku375\.m2\repository\org\mortbay\jetty\jetty\6.1.26\jetty-6.1.26.jar;C:\Users\aku375\.m2\repository\com\google\code\gson\gson\2.2.2\gson-2.2.2.jar;C:\Users\aku375\.m2\repository\org\apache\mina\mina-core\2.0.4\mina-core-2.0.4.jar;C:\Users\aku375\.m2\repository\org\apache\flume\flume-ng-sdk\1.6.0\flume-ng-sdk-1.6.0.jar;C:\Users\aku375\.m2\repository\org\apache\spark\spark-streaming-kafka-0-8_2.11\2.3.0-SNAPSHOT\spark-streaming-kafka-0-8_2.11-2.3.0-SNAPSHOT.jar;C:\Users\aku375\.m2\repository\org\apache\kafka\kafka_2.11\0.8.2.1\kafka_2.11-0.8.2.1.jar;C:\Users\aku375\.m2\repository\com\yammer\metrics\metrics-core\2.2.0\metrics-core-2.2.0.jar;C:\Users\aku375\.m2\repository\com\101tec\zkclient\0.3\zkclient-0.3.jar;C:\Users\aku375\.m2\repository\org\apache\spark\spark-sql-kafka-0-10_2.11\2.3.0-SNAPSHOT\spark-sql-kafka-0-10_2.11-2.3.0-SNAPSHOT.jar;C:\Users\aku375\.m2\repository\org\apache\kafka\kafka-clients\0.10.0.1\kafka-clients-0.10.0.1.jar;C:\Users\aku375\.m2\repository\net\jpountz\lz4\lz4\1.3.0\lz4-1.3.0.jar;C:\Users\aku375\.m2\repository\org\apache\commons\commons-math3\3.4.1\commons-math3-3.4.1.jar;C:\Users\aku375\.m2\repository\org\scalacheck\scalacheck_2.11\1.13.5\scalacheck_2.11-1.13.5.jar;C:\Users\aku375\.m2\repository\org\scala-sbt\test-interface\1.0\test-interface-1.0.jar;C:\Users\aku375\.m2\repository\org\scala-lang\scala-library\2.11.8\scala-library-2.11.8.jar;C:\Users\aku375\.m2\repository\com\github\scopt\scopt_2.11\3.3.0\scopt_2.11-3.3.0.jar;C:\Users\aku375\.m2\repository\com\twitter\parquet-hadoop-bundle\1.6.0\parquet-hadoop-bundle-1.6.0.jar;C:\Users\aku375\.m2\repository\org\codehaus\janino\commons-compiler\3.0.8\commons-compiler-3.0.8.jar;C:\Users\aku375\.m2\repository\org\scalatest\scalatest_2.11\3.0.3\scalatest_2.11-3.0.3.jar;C:\Users\aku375\.m2\repository\org\scalactic\scalactic_2.11\3.0.3\scalactic_2.11-3.0.3.jar;C:\Users\aku375\.m2\repository\org\scala-lang\scala-reflect\2.11.8\scala-reflect-2.11.8.jar;C:\Users\aku375\.m2\repository\org\scala-lang\modules\scala-xml_2.11\1.0.5\scala-xml_2.11-1.0.5.jar;C:\Users\aku375\.m2\repository\junit\junit\4.12\junit-4.12.jar;C:\Users\aku375\.m2\repository\org\hamcrest\hamcrest-core\1.3\hamcrest-core-1.3.jar;C:\Users\aku375\.m2\repository\com\novocode\junit-interface\0.11\junit-interface-0.11.jar">
</property>
    <property name="java.vm.specification.version" value="1.8"> </property>
    <property name="sun.arch.data.model" value="64"> </property>
    <property name="java.home" value="C:\Program Files\Java\jre1.8.0_121">
    </property>
    <property 
    name="sun.java.command" value="org.scalatest.tools.Runner -R D:\HADOOPWORKSPACE\Spark-Java\target\scala-2.11\classes D:\HADOOPWORKSPACE\Spark-Java\target\scala-2.11\test-classes -o -f D:\HADOOPWORKSPACE\Spark-Java\target\surefire-reports\SparkTestSuite.txt -u D:\HADOOPWORKSPACE\Spark-Java\target\surefire-reports\.">
</property>
    <property name="java.specification.vendor" value="Oracle Corporation">
    </property>
    <property name="user.language" value="en"> </property>
    <property name="awt.toolkit" value="sun.awt.windows.WToolkit"> </property>
    <property name="java.vm.info" value="mixed mode"> </property>
    <property name="java.version" value="1.8.0_121"> </property>
    <property 
    name="java.ext.dirs" value="C:\Program Files\Java\jre1.8.0_121\lib\ext;C:\Windows\Sun\Java\lib\ext">
</property>
    <property 
    name="sun.boot.class.path" value="C:\Program Files\Java\jre1.8.0_121\lib\resources.jar;C:\Program Files\Java\jre1.8.0_121\lib\rt.jar;C:\Program Files\Java\jre1.8.0_121\lib\sunrsasign.jar;C:\Program Files\Java\jre1.8.0_121\lib\jsse.jar;C:\Program Files\Java\jre1.8.0_121\lib\jce.jar;C:\Program Files\Java\jre1.8.0_121\lib\charsets.jar;C:\Program Files\Java\jre1.8.0_121\lib\jfr.jar;C:\Program Files\Java\jre1.8.0_121\classes">
</property>
    <property name="spark.test.home" value="D:\HADOOPWORKSPACE\Spark-Java">
    </property>
    <property name="java.vendor" value="Oracle Corporation"> </property>
    <property name="java.awt.headless" value="true"> </property>
    <property name="file.separator" value="\"> </property>
    <property 
    name="java.vendor.url.bug" value="http://bugreport.sun.com/bugreport/">
</property>
    <property name="spark.unsafe.exceptionOnMemoryLeak" value="true">
    </property>
    <property name="sun.cpu.endian" value="little"> </property>
    <property name="sun.io.unicode.encoding" value="UnicodeLittle"> </property>
    <property name="sun.desktop" value="windows"> </property>
    <property name="test.src.tables" value="__not_used__"> </property>
    <property name="sun.cpu.isalist" value="amd64"> </property>
  </properties>
  <system-out><![CDATA[]]></system-out>
  <system-err><![CDATA[]]></system-err>
</testsuite>
